/*C3*/SET SCHEMA PUBLIC
CONNECT USER SA
DISCONNECT
/*C4*/SET SCHEMA PUBLIC
CONNECT USER SA
INSERT INTO USERTABLE VALUES(8,0,'55677','jjjkkkk')
INSERT INTO USERTABLE VALUES(9,0,'1','megha')
INSERT INTO PAIRING_RECORD VALUES(2,0,'2','megha','hj')
INSERT INTO PAIRING_RECORD VALUES(3,0,'3','megha','hj')
INSERT INTO USERTABLE VALUES(10,0,'7899000','sneha')
INSERT INTO PAIRING_RECORD VALUES(4,0,'6','megha','sneha')
INSERT INTO USERTABLE VALUES(11,0,'098','isha')
INSERT INTO PAIRING_RECORD VALUES(5,0,'1','isha','sneha')
DISCONNECT
/*C5*/SET SCHEMA PUBLIC
CONNECT USER SA
DISCONNECT
/*C6*/SET SCHEMA PUBLIC
CONNECT USER SA
DISCONNECT
/*C7*/SET SCHEMA PUBLIC
CONNECT USER SA
DISCONNECT
/*C8*/SET SCHEMA PUBLIC
CONNECT USER SA
