2011-09-10 16:42:48,159 [main] ERROR StackTrace  - Sanitizing stacktrace:
LifecycleException:  Protocol handler initialization failed: java.net.BindException: Address already in use<null>:8080
	at org.apache.catalina.connector.Connector.initialize(Connector.java:1059)
	at org.apache.catalina.core.StandardService.initialize(StandardService.java:675)
	at org.apache.catalina.core.StandardServer.initialize(StandardServer.java:793)
	at org.apache.catalina.startup.Tomcat.start(Tomcat.java:285)
	at org.apache.catalina.startup.Tomcat$start.call(Unknown Source)
	at org.codehaus.groovy.runtime.callsite.CallSiteArray.defaultCall(CallSiteArray.java:40)
	at org.codehaus.groovy.runtime.callsite.AbstractCallSite.call(AbstractCallSite.java:116)
	at org.codehaus.groovy.runtime.callsite.AbstractCallSite.call(AbstractCallSite.java:120)
	at org.grails.tomcat.TomcatServer.start(TomcatServer.groovy:212)
	at grails.web.container.EmbeddableServer$start.call(Unknown Source)
	at org.codehaus.groovy.runtime.callsite.CallSiteArray.defaultCall(CallSiteArray.java:40)
	at org.codehaus.groovy.runtime.callsite.AbstractCallSite.call(AbstractCallSite.java:116)
	at org.codehaus.groovy.runtime.callsite.AbstractCallSite.call(AbstractCallSite.java:128)
	at _GrailsRun_groovy$_run_closure5_closure12.doCall(_GrailsRun_groovy:158)
	at sun.reflect.NativeMethodAccessorImpl.invoke0(Native Method)
	at sun.reflect.NativeMethodAccessorImpl.invoke(NativeMethodAccessorImpl.java:39)
	at sun.reflect.DelegatingMethodAccessorImpl.invoke(DelegatingMethodAccessorImpl.java:25)
	at java.lang.reflect.Method.invoke(Method.java:597)
	at org.codehaus.groovy.runtime.callsite.PogoMetaMethodSite$PogoCachedMethodSite.invoke(PogoMetaMethodSite.java:225)
	at org.codehaus.groovy.runtime.callsite.PogoMetaMethodSite.callCurrent(PogoMetaMethodSite.java:51)
	at org.codehaus.groovy.runtime.callsite.CallSiteArray.defaultCallCurrent(CallSiteArray.java:44)
	at org.codehaus.groovy.runtime.callsite.AbstractCallSite.callCurrent(AbstractCallSite.java:141)
	at org.codehaus.groovy.runtime.callsite.AbstractCallSite.callCurrent(AbstractCallSite.java:149)
	at _GrailsRun_groovy$_run_closure5_closure12.doCall(_GrailsRun_groovy)
	at sun.reflect.NativeMethodAccessorImpl.invoke0(Native Method)
	at sun.reflect.NativeMethodAccessorImpl.invoke(NativeMethodAccessorImpl.java:39)
	at sun.reflect.DelegatingMethodAccessorImpl.invoke(DelegatingMethodAccessorImpl.java:25)
	at java.lang.reflect.Method.invoke(Method.java:597)
	at org.codehaus.groovy.reflection.CachedMethod.invoke(CachedMethod.java:90)
	at groovy.lang.MetaMethod.doMethodInvoke(MetaMethod.java:233)
	at groovy.lang.MetaClassImpl.invokeMethod(MetaClassImpl.java:1058)
	at groovy.lang.ExpandoMetaClass.invokeMethod(ExpandoMetaClass.java:1070)
	at groovy.lang.MetaClassImpl.invokeMethod(MetaClassImpl.java:886)
	at groovy.lang.Closure.call(Closure.java:282)
	at groovy.lang.Closure.call(Closure.java:277)
	at groovy.lang.Closure$call.call(Unknown Source)
	at org.codehaus.groovy.runtime.callsite.CallSiteArray.defaultCall(CallSiteArray.java:40)
	at groovy.lang.Closure$call.call(Unknown Source)
	at _GrailsSettings_groovy$_run_closure10.doCall(_GrailsSettings_groovy:280)
	at sun.reflect.GeneratedMethodAccessor128.invoke(Unknown Source)
	at sun.reflect.DelegatingMethodAccessorImpl.invoke(DelegatingMethodAccessorImpl.java:25)
	at java.lang.reflect.Method.invoke(Method.java:597)
	at org.codehaus.groovy.runtime.callsite.PogoMetaMethodSite$PogoCachedMethodSiteNoUnwrapNoCoerce.invoke(PogoMetaMethodSite.java:266)
	at org.codehaus.groovy.runtime.callsite.PogoMetaMethodSite.callCurrent(PogoMetaMethodSite.java:51)
	at org.codehaus.groovy.runtime.callsite.CallSiteArray.defaultCallCurrent(CallSiteArray.java:44)
	at org.codehaus.groovy.runtime.callsite.PogoMetaMethodSite.callCurrent(PogoMetaMethodSite.java:56)
	at org.codehaus.groovy.runtime.callsite.AbstractCallSite.callCurrent(AbstractCallSite.java:153)
	at _GrailsSettings_groovy$_run_closure10.call(_GrailsSettings_groovy)
	at sun.reflect.GeneratedMethodAccessor127.invoke(Unknown Source)
	at sun.reflect.DelegatingMethodAccessorImpl.invoke(DelegatingMethodAccessorImpl.java:25)
	at java.lang.reflect.Method.invoke(Method.java:597)
	at org.codehaus.groovy.reflection.CachedMethod.invoke(CachedMethod.java:90)
	at groovy.lang.MetaMethod.doMethodInvoke(MetaMethod.java:233)
	at groovy.lang.MetaClassImpl.invokeMethod(MetaClassImpl.java:1058)
	at groovy.lang.ExpandoMetaClass.invokeMethod(ExpandoMetaClass.java:1070)
	at groovy.lang.MetaClassImpl.invokeMethod(MetaClassImpl.java:886)
	at groovy.lang.MetaClassImpl.invokePropertyOrMissing(MetaClassImpl.java:1104)
	at groovy.lang.MetaClassImpl.invokeMethod(MetaClassImpl.java:1060)
	at groovy.lang.ExpandoMetaClass.invokeMethod(ExpandoMetaClass.java:1070)
	at groovy.lang.MetaClassImpl.invokeMethod(MetaClassImpl.java:886)
	at groovy.lang.MetaClassImpl.invokeMethod(MetaClassImpl.java:706)
	at groovy.lang.GroovyObjectSupport.invokeMethod(GroovyObjectSupport.java:44)
	at groovy.lang.Script.invokeMethod(Script.java:78)
	at groovy.lang.MetaClassImpl.invokeMethodOnGroovyObject(MetaClassImpl.java:1123)
	at groovy.lang.MetaClassImpl.invokeMethod(MetaClassImpl.java:1017)
	at groovy.lang.ExpandoMetaClass.invokeMethod(ExpandoMetaClass.java:1070)
	at groovy.lang.MetaClassImpl.invokeMethod(MetaClassImpl.java:886)
	at org.codehaus.groovy.runtime.callsite.PogoMetaClassSite.callCurrent(PogoMetaClassSite.java:66)
	at org.codehaus.groovy.runtime.callsite.CallSiteArray.defaultCallCurrent(CallSiteArray.java:44)
	at org.codehaus.groovy.runtime.callsite.AbstractCallSite.callCurrent(AbstractCallSite.java:141)
	at org.codehaus.groovy.runtime.callsite.AbstractCallSite.callCurrent(AbstractCallSite.java:153)
	at _GrailsRun_groovy$_run_closure5.doCall(_GrailsRun_groovy:149)
	at sun.reflect.NativeMethodAccessorImpl.invoke0(Native Method)
	at sun.reflect.NativeMethodAccessorImpl.invoke(NativeMethodAccessorImpl.java:39)
	at sun.reflect.DelegatingMethodAccessorImpl.invoke(DelegatingMethodAccessorImpl.java:25)
	at java.lang.reflect.Method.invoke(Method.java:597)
	at org.codehaus.groovy.runtime.callsite.PogoMetaMethodSite$PogoCachedMethodSiteNoUnwrapNoCoerce.invoke(PogoMetaMethodSite.java:266)
	at org.codehaus.groovy.runtime.callsite.PogoMetaMethodSite.callCurrent(PogoMetaMethodSite.java:51)
	at org.codehaus.groovy.runtime.callsite.CallSiteArray.defaultCallCurrent(CallSiteArray.java:44)
	at org.codehaus.groovy.runtime.callsite.AbstractCallSite.callCurrent(AbstractCallSite.java:141)
	at org.codehaus.groovy.runtime.callsite.AbstractCallSite.callCurrent(AbstractCallSite.java:149)
	at _GrailsRun_groovy$_run_closure5.call(_GrailsRun_groovy)
	at sun.reflect.NativeMethodAccessorImpl.invoke0(Native Method)
	at sun.reflect.NativeMethodAccessorImpl.invoke(NativeMethodAccessorImpl.java:39)
	at sun.reflect.DelegatingMethodAccessorImpl.invoke(DelegatingMethodAccessorImpl.java:25)
	at java.lang.reflect.Method.invoke(Method.java:597)
	at org.codehaus.groovy.reflection.CachedMethod.invoke(CachedMethod.java:90)
	at groovy.lang.MetaMethod.doMethodInvoke(MetaMethod.java:233)
	at groovy.lang.MetaClassImpl.invokeMethod(MetaClassImpl.java:1058)
	at groovy.lang.ExpandoMetaClass.invokeMethod(ExpandoMetaClass.java:1070)
	at groovy.lang.MetaClassImpl.invokeMethod(MetaClassImpl.java:886)
	at groovy.lang.MetaClassImpl.invokePropertyOrMissing(MetaClassImpl.java:1104)
	at groovy.lang.MetaClassImpl.invokeMethod(MetaClassImpl.java:1060)
	at groovy.lang.ExpandoMetaClass.invokeMethod(ExpandoMetaClass.java:1070)
	at groovy.lang.MetaClassImpl.invokeMethod(MetaClassImpl.java:886)
	at org.codehaus.groovy.runtime.callsite.PogoMetaClassSite.callCurrent(PogoMetaClassSite.java:66)
	at org.codehaus.groovy.runtime.callsite.CallSiteArray.defaultCallCurrent(CallSiteArray.java:44)
	at org.codehaus.groovy.runtime.callsite.AbstractCallSite.callCurrent(AbstractCallSite.java:141)
	at org.codehaus.groovy.runtime.callsite.AbstractCallSite.callCurrent(AbstractCallSite.java:149)
	at _GrailsRun_groovy.runInline(_GrailsRun_groovy:116)
	at _GrailsRun_groovy.this$4$runInline(_GrailsRun_groovy)
	at sun.reflect.NativeMethodAccessorImpl.invoke0(Native Method)
	at sun.reflect.NativeMethodAccessorImpl.invoke(NativeMethodAccessorImpl.java:39)
	at sun.reflect.DelegatingMethodAccessorImpl.invoke(DelegatingMethodAccessorImpl.java:25)
	at java.lang.reflect.Method.invoke(Method.java:597)
	at org.codehaus.groovy.reflection.CachedMethod.invoke(CachedMethod.java:90)
	at groovy.lang.MetaMethod.doMethodInvoke(MetaMethod.java:233)
	at groovy.lang.MetaClassImpl.invokeMethod(MetaClassImpl.java:1058)
	at groovy.lang.ExpandoMetaClass.invokeMethod(ExpandoMetaClass.java:1070)
	at groovy.lang.MetaClassImpl.invokeMethod(MetaClassImpl.java:886)
	at groovy.lang.MetaClassImpl.invokeMethod(MetaClassImpl.java:1003)
	at groovy.lang.ExpandoMetaClass.invokeMethod(ExpandoMetaClass.java:1070)
	at groovy.lang.MetaClassImpl.invokeMethod(MetaClassImpl.java:886)
	at groovy.lang.DelegatingMetaClass.invokeMethod(DelegatingMetaClass.java:149)
	at org.codehaus.gant.GantMetaClass.invokeMethod(GantMetaClass.java:127)
	at org.codehaus.groovy.runtime.callsite.PogoMetaClassSite.callCurrent(PogoMetaClassSite.java:66)
	at org.codehaus.groovy.runtime.callsite.CallSiteArray.defaultCallCurrent(CallSiteArray.java:44)
	at org.codehaus.groovy.runtime.callsite.AbstractCallSite.callCurrent(AbstractCallSite.java:141)
	at org.codehaus.groovy.runtime.callsite.AbstractCallSite.callCurrent(AbstractCallSite.java:161)
	at _GrailsRun_groovy$_run_closure1.doCall(_GrailsRun_groovy:59)
	at sun.reflect.NativeMethodAccessorImpl.invoke0(Native Method)
	at sun.reflect.NativeMethodAccessorImpl.invoke(NativeMethodAccessorImpl.java:39)
	at sun.reflect.DelegatingMethodAccessorImpl.invoke(DelegatingMethodAccessorImpl.java:25)
	at java.lang.reflect.Method.invoke(Method.java:597)
	at org.codehaus.groovy.reflection.CachedMethod.invoke(CachedMethod.java:90)
	at groovy.lang.MetaMethod.doMethodInvoke(MetaMethod.java:233)
	at groovy.lang.MetaClassImpl.invokeMethod(MetaClassImpl.java:1058)
	at groovy.lang.ExpandoMetaClass.invokeMethod(ExpandoMetaClass.java:1070)
	at groovy.lang.MetaClassImpl.invokeMethod(MetaClassImpl.java:886)
	at groovy.lang.DelegatingMetaClass.invokeMethod(DelegatingMetaClass.java:149)
	at org.codehaus.gant.GantMetaClass.invokeMethod(GantMetaClass.java:127)
	at groovy.lang.Closure.call(Closure.java:282)
	at groovy.lang.Closure.call(Closure.java:295)
	at sun.reflect.GeneratedMethodAccessor58.invoke(Unknown Source)
	at sun.reflect.DelegatingMethodAccessorImpl.invoke(DelegatingMethodAccessorImpl.java:25)
	at java.lang.reflect.Method.invoke(Method.java:597)
	at org.codehaus.groovy.reflection.CachedMethod.invoke(CachedMethod.java:90)
	at groovy.lang.MetaMethod.doMethodInvoke(MetaMethod.java:233)
	at groovy.lang.MetaClassImpl.invokeMethod(MetaClassImpl.java:1058)
	at groovy.lang.ExpandoMetaClass.invokeMethod(ExpandoMetaClass.java:1070)
	at groovy.lang.MetaClassImpl.invokeMethod(MetaClassImpl.java:886)
	at groovy.lang.DelegatingMetaClass.invokeMethod(DelegatingMetaClass.java:149)
	at org.codehaus.gant.GantMetaClass.invokeMethod(GantMetaClass.java:127)
	at org.codehaus.groovy.runtime.callsite.PogoMetaClassSite.call(PogoMetaClassSite.java:39)
	at org.codehaus.groovy.runtime.callsite.CallSiteArray.defaultCall(CallSiteArray.java:40)
	at org.codehaus.groovy.runtime.callsite.PogoMetaClassSite.call(PogoMetaClassSite.java:54)
	at org.codehaus.groovy.runtime.callsite.AbstractCallSite.call(AbstractCallSite.java:124)
	at org.codehaus.gant.GantBinding$_initializeGantBinding_closure5_closure16_closure18.doCall(GantBinding.groovy:185)
	at sun.reflect.GeneratedMethodAccessor94.invoke(Unknown Source)
	at sun.reflect.DelegatingMethodAccessorImpl.invoke(DelegatingMethodAccessorImpl.java:25)
	at java.lang.reflect.Method.invoke(Method.java:597)
	at org.codehaus.groovy.runtime.callsite.PogoMetaMethodSite$PogoCachedMethodSite.invoke(PogoMetaMethodSite.java:225)
	at org.codehaus.groovy.runtime.callsite.PogoMetaMethodSite.callCurrent(PogoMetaMethodSite.java:51)
	at org.codehaus.groovy.runtime.callsite.AbstractCallSite.callCurrent(AbstractCallSite.java:149)
	at org.codehaus.gant.GantBinding$_initializeGantBinding_closure5_closure16_closure18.doCall(GantBinding.groovy)
	at sun.reflect.GeneratedMethodAccessor93.invoke(Unknown Source)
	at sun.reflect.DelegatingMethodAccessorImpl.invoke(DelegatingMethodAccessorImpl.java:25)
	at java.lang.reflect.Method.invoke(Method.java:597)
	at org.codehaus.groovy.reflection.CachedMethod.invoke(CachedMethod.java:90)
	at groovy.lang.MetaMethod.doMethodInvoke(MetaMethod.java:233)
	at groovy.lang.MetaClassImpl.invokeMethod(MetaClassImpl.java:1058)
	at groovy.lang.ExpandoMetaClass.invokeMethod(ExpandoMetaClass.java:1070)
	at groovy.lang.MetaClassImpl.invokeMethod(MetaClassImpl.java:886)
	at groovy.lang.Closure.call(Closure.java:282)
	at groovy.lang.Closure.call(Closure.java:277)
	at groovy.lang.Closure$call.call(Unknown Source)
	at org.codehaus.gant.GantBinding.withTargetEvent(GantBinding.groovy:90)
	at org.codehaus.gant.GantBinding.this$4$withTargetEvent(GantBinding.groovy)
	at sun.reflect.GeneratedMethodAccessor88.invoke(Unknown Source)
	at sun.reflect.DelegatingMethodAccessorImpl.invoke(DelegatingMethodAccessorImpl.java:25)
	at java.lang.reflect.Method.invoke(Method.java:597)
	at org.codehaus.groovy.reflection.CachedMethod.invoke(CachedMethod.java:90)
	at groovy.lang.MetaMethod.doMethodInvoke(MetaMethod.java:233)
	at groovy.lang.MetaClassImpl.invokeMethod(MetaClassImpl.java:1058)
	at groovy.lang.ExpandoMetaClass.invokeMethod(ExpandoMetaClass.java:1070)
	at groovy.lang.MetaClassImpl.invokeMethod(MetaClassImpl.java:886)
	at groovy.lang.MetaClassImpl.invokeMethod(MetaClassImpl.java:1003)
	at groovy.lang.ExpandoMetaClass.invokeMethod(ExpandoMetaClass.java:1070)
	at groovy.lang.MetaClassImpl.invokeMethod(MetaClassImpl.java:886)
	at groovy.lang.MetaClassImpl.invokeMethod(MetaClassImpl.java:706)
	at groovy.lang.GroovyObjectSupport.invokeMethod(GroovyObjectSupport.java:44)
	at groovy.lang.MetaClassImpl.invokeMethodOnGroovyObject(MetaClassImpl.java:1123)
	at groovy.lang.MetaClassImpl.invokeMethod(MetaClassImpl.java:1017)
	at groovy.lang.ExpandoMetaClass.invokeMethod(ExpandoMetaClass.java:1070)
	at groovy.lang.MetaClassImpl.invokeMethod(MetaClassImpl.java:886)
	at org.codehaus.groovy.runtime.callsite.PogoMetaClassSite.callCurrent(PogoMetaClassSite.java:66)
	at org.codehaus.groovy.runtime.callsite.AbstractCallSite.callCurrent(AbstractCallSite.java:157)
	at org.codehaus.gant.GantBinding$_initializeGantBinding_closure5_closure16.doCall(GantBinding.groovy:185)
	at sun.reflect.GeneratedMethodAccessor87.invoke(Unknown Source)
	at sun.reflect.DelegatingMethodAccessorImpl.invoke(DelegatingMethodAccessorImpl.java:25)
	at java.lang.reflect.Method.invoke(Method.java:597)
	at org.codehaus.groovy.runtime.callsite.PogoMetaMethodSite$PogoCachedMethodSite.invoke(PogoMetaMethodSite.java:225)
	at org.codehaus.groovy.runtime.callsite.PogoMetaMethodSite.callCurrent(PogoMetaMethodSite.java:51)
	at org.codehaus.groovy.runtime.callsite.AbstractCallSite.callCurrent(AbstractCallSite.java:149)
	at org.codehaus.gant.GantBinding$_initializeGantBinding_closure5_closure16.doCall(GantBinding.groovy)
	at sun.reflect.GeneratedMethodAccessor86.invoke(Unknown Source)
	at sun.reflect.DelegatingMethodAccessorImpl.invoke(DelegatingMethodAccessorImpl.java:25)
	at java.lang.reflect.Method.invoke(Method.java:597)
	at org.codehaus.groovy.reflection.CachedMethod.invoke(CachedMethod.java:90)
	at groovy.lang.MetaMethod.doMethodInvoke(MetaMethod.java:233)
	at groovy.lang.MetaClassImpl.invokeMethod(MetaClassImpl.java:1058)
	at groovy.lang.ExpandoMetaClass.invokeMethod(ExpandoMetaClass.java:1070)
	at groovy.lang.MetaClassImpl.invokeMethod(MetaClassImpl.java:886)
	at groovy.lang.Closure.call(Closure.java:282)
	at groovy.lang.Closure.call(Closure.java:277)
	at sun.reflect.GeneratedMethodAccessor102.invoke(Unknown Source)
	at sun.reflect.DelegatingMethodAccessorImpl.invoke(DelegatingMethodAccessorImpl.java:25)
	at java.lang.reflect.Method.invoke(Method.java:597)
	at org.codehaus.groovy.reflection.CachedMethod.invoke(CachedMethod.java:90)
	at groovy.lang.MetaMethod.doMethodInvoke(MetaMethod.java:233)
	at groovy.lang.MetaClassImpl.invokeMethod(MetaClassImpl.java:1058)
	at groovy.lang.ExpandoMetaClass.invokeMethod(ExpandoMetaClass.java:1070)
	at groovy.lang.MetaClassImpl.invokeMethod(MetaClassImpl.java:886)
	at groovy.lang.MetaClassImpl.invokePropertyOrMissing(MetaClassImpl.java:1104)
	at groovy.lang.MetaClassImpl.invokeMethod(MetaClassImpl.java:1060)
	at groovy.lang.ExpandoMetaClass.invokeMethod(ExpandoMetaClass.java:1070)
	at groovy.lang.MetaClassImpl.invokeMethod(MetaClassImpl.java:886)
	at groovy.lang.MetaClassImpl.invokeMethod(MetaClassImpl.java:706)
	at groovy.lang.GroovyObjectSupport.invokeMethod(GroovyObjectSupport.java:44)
	at groovy.lang.Script.invokeMethod(Script.java:78)
	at groovy.lang.MetaClassImpl.invokeMethodOnGroovyObject(MetaClassImpl.java:1123)
	at groovy.lang.MetaClassImpl.invokeMethod(MetaClassImpl.java:1017)
	at groovy.lang.ExpandoMetaClass.invokeMethod(ExpandoMetaClass.java:1070)
	at groovy.lang.MetaClassImpl.invokeMethod(MetaClassImpl.java:886)
	at org.codehaus.groovy.runtime.callsite.PogoMetaClassSite.callCurrent(PogoMetaClassSite.java:66)
	at org.codehaus.groovy.runtime.callsite.CallSiteArray.defaultCallCurrent(CallSiteArray.java:44)
	at org.codehaus.groovy.runtime.callsite.AbstractCallSite.callCurrent(AbstractCallSite.java:141)
	at org.codehaus.groovy.runtime.callsite.AbstractCallSite.callCurrent(AbstractCallSite.java:145)
	at _GrailsTest_groovy$_run_closure11.doCall(_GrailsTest_groovy:354)
	at sun.reflect.NativeMethodAccessorImpl.invoke0(Native Method)
	at sun.reflect.NativeMethodAccessorImpl.invoke(NativeMethodAccessorImpl.java:39)
	at sun.reflect.DelegatingMethodAccessorImpl.invoke(DelegatingMethodAccessorImpl.java:25)
	at java.lang.reflect.Method.invoke(Method.java:597)
	at org.codehaus.groovy.runtime.callsite.PogoMetaMethodSite$PogoCachedMethodSite.invoke(PogoMetaMethodSite.java:225)
	at org.codehaus.groovy.runtime.callsite.PogoMetaMethodSite.callCurrent(PogoMetaMethodSite.java:51)
	at org.codehaus.groovy.runtime.callsite.CallSiteArray.defaultCallCurrent(CallSiteArray.java:44)
	at org.codehaus.groovy.runtime.callsite.AbstractCallSite.callCurrent(AbstractCallSite.java:141)
	at org.codehaus.groovy.runtime.callsite.AbstractCallSite.callCurrent(AbstractCallSite.java:149)
	at _GrailsTest_groovy$_run_closure11.doCall(_GrailsTest_groovy)
	at sun.reflect.NativeMethodAccessorImpl.invoke0(Native Method)
	at sun.reflect.NativeMethodAccessorImpl.invoke(NativeMethodAccessorImpl.java:39)
	at sun.reflect.DelegatingMethodAccessorImpl.invoke(DelegatingMethodAccessorImpl.java:25)
	at java.lang.reflect.Method.invoke(Method.java:597)
	at org.codehaus.groovy.reflection.CachedMethod.invoke(CachedMethod.java:90)
	at groovy.lang.MetaMethod.doMethodInvoke(MetaMethod.java:233)
	at groovy.lang.MetaClassImpl.invokeMethod(MetaClassImpl.java:1058)
	at groovy.lang.ExpandoMetaClass.invokeMethod(ExpandoMetaClass.java:1070)
	at groovy.lang.MetaClassImpl.invokeMethod(MetaClassImpl.java:886)
	at groovy.lang.Closure.call(Closure.java:282)
	at groovy.lang.Closure.call(Closure.java:277)
	at sun.reflect.GeneratedMethodAccessor102.invoke(Unknown Source)
	at sun.reflect.DelegatingMethodAccessorImpl.invoke(DelegatingMethodAccessorImpl.java:25)
	at java.lang.reflect.Method.invoke(Method.java:597)
	at org.codehaus.groovy.reflection.CachedMethod.invoke(CachedMethod.java:90)
	at groovy.lang.MetaMethod.doMethodInvoke(MetaMethod.java:233)
	at groovy.lang.MetaClassImpl.invokeMethod(MetaClassImpl.java:1058)
	at groovy.lang.ExpandoMetaClass.invokeMethod(ExpandoMetaClass.java:1070)
	at groovy.lang.MetaClassImpl.invokeMethod(MetaClassImpl.java:886)
	at groovy.lang.MetaClassImpl.invokePropertyOrMissing(MetaClassImpl.java:1104)
	at groovy.lang.MetaClassImpl.invokeMethod(MetaClassImpl.java:1060)
	at groovy.lang.ExpandoMetaClass.invokeMethod(ExpandoMetaClass.java:1070)
	at groovy.lang.MetaClassImpl.invokeMethod(MetaClassImpl.java:886)
	at groovy.lang.MetaClassImpl.invokeMethod(MetaClassImpl.java:706)
	at groovy.lang.GroovyObjectSupport.invokeMethod(GroovyObjectSupport.java:44)
	at groovy.lang.Script.invokeMethod(Script.java:78)
	at groovy.lang.MetaClassImpl.invokeMethodOnGroovyObject(MetaClassImpl.java:1123)
	at groovy.lang.MetaClassImpl.invokeMethod(MetaClassImpl.java:1017)
	at groovy.lang.ExpandoMetaClass.invokeMethod(ExpandoMetaClass.java:1070)
	at groovy.lang.MetaClassImpl.invokeMethod(MetaClassImpl.java:886)
	at groovy.lang.DelegatingMetaClass.invokeMethod(DelegatingMetaClass.java:149)
	at org.codehaus.gant.GantMetaClass.invokeMethod(GantMetaClass.java:127)
	at org.codehaus.gant.GantMetaClass.invokeMethod(GantMetaClass.java:162)
	at groovy.lang.GroovyObjectSupport.invokeMethod(GroovyObjectSupport.java:44)
	at groovy.lang.MetaClassImpl.invokeMethodOnGroovyObject(MetaClassImpl.java:1123)
	at groovy.lang.MetaClassImpl.invokeMethod(MetaClassImpl.java:1017)
	at groovy.lang.ExpandoMetaClass.invokeMethod(ExpandoMetaClass.java:1070)
	at org.codehaus.groovy.runtime.ScriptBytecodeAdapter.invokeMethodOnCurrentN(ScriptBytecodeAdapter.java:77)
	at org.codehaus.groovy.runtime.ScriptBytecodeAdapter.invokeMethodOnCurrent0(ScriptBytecodeAdapter.java:108)
	at _GrailsTest_groovy$_run_closure1_closure21.doCall(_GrailsTest_groovy:184)
	at sun.reflect.NativeMethodAccessorImpl.invoke0(Native Method)
	at sun.reflect.NativeMethodAccessorImpl.invoke(NativeMethodAccessorImpl.java:39)
	at sun.reflect.DelegatingMethodAccessorImpl.invoke(DelegatingMethodAccessorImpl.java:25)
	at java.lang.reflect.Method.invoke(Method.java:597)
	at org.codehaus.groovy.reflection.CachedMethod.invoke(CachedMethod.java:90)
	at groovy.lang.MetaMethod.doMethodInvoke(MetaMethod.java:233)
	at groovy.lang.MetaClassImpl.invokeMethod(MetaClassImpl.java:1058)
	at groovy.lang.ExpandoMetaClass.invokeMethod(ExpandoMetaClass.java:1070)
	at groovy.lang.MetaClassImpl.invokeMethod(MetaClassImpl.java:886)
	at groovy.lang.Closure.call(Closure.java:282)
	at org.codehaus.groovy.runtime.DefaultGroovyMethods.callClosureForMapEntry(DefaultGroovyMethods.java:2456)
	at org.codehaus.groovy.runtime.DefaultGroovyMethods.each(DefaultGroovyMethods.java:1249)
	at org.codehaus.groovy.runtime.dgm$111.invoke(Unknown Source)
	at org.codehaus.groovy.runtime.callsite.PojoMetaMethodSite$PojoMetaMethodSiteNoUnwrapNoCoerce.invoke(PojoMetaMethodSite.java:270)
	at org.codehaus.groovy.runtime.callsite.PojoMetaMethodSite.call(PojoMetaMethodSite.java:52)
	at org.codehaus.groovy.runtime.callsite.CallSiteArray.defaultCall(CallSiteArray.java:40)
	at org.codehaus.groovy.runtime.callsite.AbstractCallSite.call(AbstractCallSite.java:116)
	at org.codehaus.groovy.runtime.callsite.AbstractCallSite.call(AbstractCallSite.java:124)
	at _GrailsTest_groovy$_run_closure1.doCall(_GrailsTest_groovy:174)
	at sun.reflect.NativeMethodAccessorImpl.invoke0(Native Method)
	at sun.reflect.NativeMethodAccessorImpl.invoke(NativeMethodAccessorImpl.java:39)
	at sun.reflect.DelegatingMethodAccessorImpl.invoke(DelegatingMethodAccessorImpl.java:25)
	at java.lang.reflect.Method.invoke(Method.java:597)
	at org.codehaus.groovy.reflection.CachedMethod.invoke(CachedMethod.java:90)
	at groovy.lang.MetaMethod.doMethodInvoke(MetaMethod.java:233)
	at groovy.lang.MetaClassImpl.invokeMethod(MetaClassImpl.java:1058)
	at groovy.lang.ExpandoMetaClass.invokeMethod(ExpandoMetaClass.java:1070)
	at groovy.lang.MetaClassImpl.invokeMethod(MetaClassImpl.java:886)
	at groovy.lang.DelegatingMetaClass.invokeMethod(DelegatingMetaClass.java:149)
	at org.codehaus.gant.GantMetaClass.invokeMethod(GantMetaClass.java:127)
	at groovy.lang.Closure.call(Closure.java:282)
	at groovy.lang.Closure.call(Closure.java:295)
	at sun.reflect.NativeMethodAccessorImpl.invoke0(Native Method)
	at sun.reflect.NativeMethodAccessorImpl.invoke(NativeMethodAccessorImpl.java:39)
	at sun.reflect.DelegatingMethodAccessorImpl.invoke(DelegatingMethodAccessorImpl.java:25)
	at java.lang.reflect.Method.invoke(Method.java:597)
	at org.codehaus.groovy.reflection.CachedMethod.invoke(CachedMethod.java:90)
	at groovy.lang.MetaMethod.doMethodInvoke(MetaMethod.java:233)
	at groovy.lang.MetaClassImpl.invokeMethod(MetaClassImpl.java:1058)
	at groovy.lang.ExpandoMetaClass.invokeMethod(ExpandoMetaClass.java:1070)
	at groovy.lang.MetaClassImpl.invokeMethod(MetaClassImpl.java:886)
	at groovy.lang.DelegatingMetaClass.invokeMethod(DelegatingMetaClass.java:149)
	at org.codehaus.gant.GantMetaClass.invokeMethod(GantMetaClass.java:127)
	at org.codehaus.groovy.runtime.callsite.PogoMetaClassSite.call(PogoMetaClassSite.java:39)
	at org.codehaus.groovy.runtime.callsite.CallSiteArray.defaultCall(CallSiteArray.java:40)
	at org.codehaus.groovy.runtime.callsite.PogoMetaClassSite.call(PogoMetaClassSite.java:54)
	at org.codehaus.groovy.runtime.callsite.AbstractCallSite.call(AbstractCallSite.java:124)
	at org.codehaus.gant.GantBinding$_initializeGantBinding_closure5_closure16_closure18.doCall(GantBinding.groovy:185)
	at sun.reflect.NativeMethodAccessorImpl.invoke0(Native Method)
	at sun.reflect.NativeMethodAccessorImpl.invoke(NativeMethodAccessorImpl.java:39)
	at sun.reflect.DelegatingMethodAccessorImpl.invoke(DelegatingMethodAccessorImpl.java:25)
	at java.lang.reflect.Method.invoke(Method.java:597)
	at org.codehaus.groovy.runtime.callsite.PogoMetaMethodSite$PogoCachedMethodSite.invoke(PogoMetaMethodSite.java:225)
	at org.codehaus.groovy.runtime.callsite.PogoMetaMethodSite.callCurrent(PogoMetaMethodSite.java:51)
	at org.codehaus.groovy.runtime.callsite.AbstractCallSite.callCurrent(AbstractCallSite.java:149)
	at org.codehaus.gant.GantBinding$_initializeGantBinding_closure5_closure16_closure18.doCall(GantBinding.groovy)
	at sun.reflect.NativeMethodAccessorImpl.invoke0(Native Method)
	at sun.reflect.NativeMethodAccessorImpl.invoke(NativeMethodAccessorImpl.java:39)
	at sun.reflect.DelegatingMethodAccessorImpl.invoke(DelegatingMethodAccessorImpl.java:25)
	at java.lang.reflect.Method.invoke(Method.java:597)
	at org.codehaus.groovy.reflection.CachedMethod.invoke(CachedMethod.java:90)
	at groovy.lang.MetaMethod.doMethodInvoke(MetaMethod.java:233)
	at groovy.lang.MetaClassImpl.invokeMethod(MetaClassImpl.java:1058)
	at groovy.lang.ExpandoMetaClass.invokeMethod(ExpandoMetaClass.java:1070)
	at groovy.lang.MetaClassImpl.invokeMethod(MetaClassImpl.java:886)
	at groovy.lang.Closure.call(Closure.java:282)
	at groovy.lang.Closure.call(Closure.java:277)
	at groovy.lang.Closure$call.call(Unknown Source)
	at org.codehaus.gant.GantBinding.withTargetEvent(GantBinding.groovy:90)
	at org.codehaus.gant.GantBinding.this$4$withTargetEvent(GantBinding.groovy)
	at sun.reflect.NativeMethodAccessorImpl.invoke0(Native Method)
	at sun.reflect.NativeMethodAccessorImpl.invoke(NativeMethodAccessorImpl.java:39)
	at sun.reflect.DelegatingMethodAccessorImpl.invoke(DelegatingMethodAccessorImpl.java:25)
	at java.lang.reflect.Method.invoke(Method.java:597)
	at org.codehaus.groovy.reflection.CachedMethod.invoke(CachedMethod.java:90)
	at groovy.lang.MetaMethod.doMethodInvoke(MetaMethod.java:233)
	at groovy.lang.MetaClassImpl.invokeMethod(MetaClassImpl.java:1058)
	at groovy.lang.ExpandoMetaClass.invokeMethod(ExpandoMetaClass.java:1070)
	at groovy.lang.MetaClassImpl.invokeMethod(MetaClassImpl.java:886)
	at groovy.lang.MetaClassImpl.invokeMethod(MetaClassImpl.java:1003)
	at groovy.lang.ExpandoMetaClass.invokeMethod(ExpandoMetaClass.java:1070)
	at groovy.lang.MetaClassImpl.invokeMethod(MetaClassImpl.java:886)
	at groovy.lang.MetaClassImpl.invokeMethod(MetaClassImpl.java:706)
	at groovy.lang.GroovyObjectSupport.invokeMethod(GroovyObjectSupport.java:44)
	at groovy.lang.MetaClassImpl.invokeMethodOnGroovyObject(MetaClassImpl.java:1123)
	at groovy.lang.MetaClassImpl.invokeMethod(MetaClassImpl.java:1017)
	at groovy.lang.ExpandoMetaClass.invokeMethod(ExpandoMetaClass.java:1070)
	at groovy.lang.MetaClassImpl.invokeMethod(MetaClassImpl.java:886)
	at org.codehaus.groovy.runtime.callsite.PogoMetaClassSite.callCurrent(PogoMetaClassSite.java:66)
	at org.codehaus.groovy.runtime.callsite.AbstractCallSite.callCurrent(AbstractCallSite.java:157)
	at org.codehaus.gant.GantBinding$_initializeGantBinding_closure5_closure16.doCall(GantBinding.groovy:185)
	at sun.reflect.NativeMethodAccessorImpl.invoke0(Native Method)
	at sun.reflect.NativeMethodAccessorImpl.invoke(NativeMethodAccessorImpl.java:39)
	at sun.reflect.DelegatingMethodAccessorImpl.invoke(DelegatingMethodAccessorImpl.java:25)
	at java.lang.reflect.Method.invoke(Method.java:597)
	at org.codehaus.groovy.runtime.callsite.PogoMetaMethodSite$PogoCachedMethodSite.invoke(PogoMetaMethodSite.java:225)
	at org.codehaus.groovy.runtime.callsite.PogoMetaMethodSite.callCurrent(PogoMetaMethodSite.java:51)
	at org.codehaus.groovy.runtime.callsite.AbstractCallSite.callCurrent(AbstractCallSite.java:149)
	at org.codehaus.gant.GantBinding$_initializeGantBinding_closure5_closure16.doCall(GantBinding.groovy)
	at sun.reflect.NativeMethodAccessorImpl.invoke0(Native Method)
	at sun.reflect.NativeMethodAccessorImpl.invoke(NativeMethodAccessorImpl.java:39)
	at sun.reflect.DelegatingMethodAccessorImpl.invoke(DelegatingMethodAccessorImpl.java:25)
	at java.lang.reflect.Method.invoke(Method.java:597)
	at org.codehaus.groovy.reflection.CachedMethod.invoke(CachedMethod.java:90)
	at groovy.lang.MetaMethod.doMethodInvoke(MetaMethod.java:233)
	at groovy.lang.MetaClassImpl.invokeMethod(MetaClassImpl.java:1058)
	at groovy.lang.ExpandoMetaClass.invokeMethod(ExpandoMetaClass.java:1070)
	at groovy.lang.MetaClassImpl.invokeMethod(MetaClassImpl.java:886)
	at groovy.lang.Closure.call(Closure.java:282)
	at groovy.lang.Closure.call(Closure.java:277)
	at sun.reflect.NativeMethodAccessorImpl.invoke0(Native Method)
	at sun.reflect.NativeMethodAccessorImpl.invoke(NativeMethodAccessorImpl.java:39)
	at sun.reflect.DelegatingMethodAccessorImpl.invoke(DelegatingMethodAccessorImpl.java:25)
	at java.lang.reflect.Method.invoke(Method.java:597)
	at org.codehaus.groovy.reflection.CachedMethod.invoke(CachedMethod.java:90)
	at groovy.lang.MetaMethod.doMethodInvoke(MetaMethod.java:233)
	at groovy.lang.MetaClassImpl.invokeMethod(MetaClassImpl.java:1058)
	at groovy.lang.ExpandoMetaClass.invokeMethod(ExpandoMetaClass.java:1070)
	at groovy.lang.MetaClassImpl.invokeMethod(MetaClassImpl.java:886)
	at groovy.lang.MetaClassImpl.invokePropertyOrMissing(MetaClassImpl.java:1104)
	at groovy.lang.MetaClassImpl.invokeMethod(MetaClassImpl.java:1060)
	at groovy.lang.ExpandoMetaClass.invokeMethod(ExpandoMetaClass.java:1070)
	at groovy.lang.MetaClassImpl.invokeMethod(MetaClassImpl.java:886)
	at groovy.lang.MetaClassImpl.invokeMethod(MetaClassImpl.java:706)
	at groovy.lang.GroovyObjectSupport.invokeMethod(GroovyObjectSupport.java:44)
	at groovy.lang.Script.invokeMethod(Script.java:78)
	at groovy.lang.MetaClassImpl.invokeMethodOnGroovyObject(MetaClassImpl.java:1123)
	at groovy.lang.MetaClassImpl.invokeMethod(MetaClassImpl.java:1017)
	at groovy.lang.ExpandoMetaClass.invokeMethod(ExpandoMetaClass.java:1070)
	at groovy.lang.MetaClassImpl.invokeMethod(MetaClassImpl.java:886)
	at groovy.lang.DelegatingMetaClass.invokeMethod(DelegatingMetaClass.java:149)
	at org.codehaus.gant.GantMetaClass.invokeMethod(GantMetaClass.java:127)
	at org.codehaus.groovy.runtime.callsite.PogoMetaClassSite.callCurrent(PogoMetaClassSite.java:66)
	at org.codehaus.groovy.runtime.callsite.CallSiteArray.defaultCallCurrent(CallSiteArray.java:44)
	at org.codehaus.groovy.runtime.callsite.AbstractCallSite.callCurrent(AbstractCallSite.java:141)
	at org.codehaus.groovy.runtime.callsite.AbstractCallSite.callCurrent(AbstractCallSite.java:145)
	at TestApp$_run_closure1.doCall(TestApp.groovy:82)
	at sun.reflect.NativeMethodAccessorImpl.invoke0(Native Method)
	at sun.reflect.NativeMethodAccessorImpl.invoke(NativeMethodAccessorImpl.java:39)
	at sun.reflect.DelegatingMethodAccessorImpl.invoke(DelegatingMethodAccessorImpl.java:25)
	at java.lang.reflect.Method.invoke(Method.java:597)
	at org.codehaus.groovy.reflection.CachedMethod.invoke(CachedMethod.java:90)
	at groovy.lang.MetaMethod.doMethodInvoke(MetaMethod.java:233)
	at groovy.lang.MetaClassImpl.invokeMethod(MetaClassImpl.java:1058)
	at groovy.lang.ExpandoMetaClass.invokeMethod(ExpandoMetaClass.java:1070)
	at groovy.lang.MetaClassImpl.invokeMethod(MetaClassImpl.java:886)
	at groovy.lang.DelegatingMetaClass.invokeMethod(DelegatingMetaClass.java:149)
	at org.codehaus.gant.GantMetaClass.invokeMethod(GantMetaClass.java:127)
	at groovy.lang.Closure.call(Closure.java:282)
	at groovy.lang.Closure.call(Closure.java:295)
	at sun.reflect.NativeMethodAccessorImpl.invoke0(Native Method)
	at sun.reflect.NativeMethodAccessorImpl.invoke(NativeMethodAccessorImpl.java:39)
	at sun.reflect.DelegatingMethodAccessorImpl.invoke(DelegatingMethodAccessorImpl.java:25)
	at java.lang.reflect.Method.invoke(Method.java:597)
	at org.codehaus.groovy.reflection.CachedMethod.invoke(CachedMethod.java:90)
	at groovy.lang.MetaMethod.doMethodInvoke(MetaMethod.java:233)
	at groovy.lang.MetaClassImpl.invokeMethod(MetaClassImpl.java:1058)
	at groovy.lang.ExpandoMetaClass.invokeMethod(ExpandoMetaClass.java:1070)
	at groovy.lang.MetaClassImpl.invokeMethod(MetaClassImpl.java:886)
	at groovy.lang.DelegatingMetaClass.invokeMethod(DelegatingMetaClass.java:149)
	at org.codehaus.gant.GantMetaClass.invokeMethod(GantMetaClass.java:127)
	at org.codehaus.groovy.runtime.callsite.PogoMetaClassSite.call(PogoMetaClassSite.java:39)
	at org.codehaus.groovy.runtime.callsite.CallSiteArray.defaultCall(CallSiteArray.java:40)
	at org.codehaus.groovy.runtime.callsite.PogoMetaClassSite.call(PogoMetaClassSite.java:54)
	at org.codehaus.groovy.runtime.callsite.AbstractCallSite.call(AbstractCallSite.java:124)
	at org.codehaus.gant.GantBinding$_initializeGantBinding_closure5_closure16_closure18.doCall(GantBinding.groovy:185)
	at sun.reflect.NativeMethodAccessorImpl.invoke0(Native Method)
	at sun.reflect.NativeMethodAccessorImpl.invoke(NativeMethodAccessorImpl.java:39)
	at sun.reflect.DelegatingMethodAccessorImpl.invoke(DelegatingMethodAccessorImpl.java:25)
	at java.lang.reflect.Method.invoke(Method.java:597)
	at org.codehaus.groovy.runtime.callsite.PogoMetaMethodSite$PogoCachedMethodSite.invoke(PogoMetaMethodSite.java:225)
	at org.codehaus.groovy.runtime.callsite.PogoMetaMethodSite.callCurrent(PogoMetaMethodSite.java:51)
	at org.codehaus.groovy.runtime.callsite.AbstractCallSite.callCurrent(AbstractCallSite.java:149)
	at org.codehaus.gant.GantBinding$_initializeGantBinding_closure5_closure16_closure18.doCall(GantBinding.groovy)
	at sun.reflect.NativeMethodAccessorImpl.invoke0(Native Method)
	at sun.reflect.NativeMethodAccessorImpl.invoke(NativeMethodAccessorImpl.java:39)
	at sun.reflect.DelegatingMethodAccessorImpl.invoke(DelegatingMethodAccessorImpl.java:25)
	at java.lang.reflect.Method.invoke(Method.java:597)
	at org.codehaus.groovy.reflection.CachedMethod.invoke(CachedMethod.java:90)
	at groovy.lang.MetaMethod.doMethodInvoke(MetaMethod.java:233)
	at groovy.lang.MetaClassImpl.invokeMethod(MetaClassImpl.java:1058)
	at groovy.lang.ExpandoMetaClass.invokeMethod(ExpandoMetaClass.java:1070)
	at groovy.lang.MetaClassImpl.invokeMethod(MetaClassImpl.java:886)
	at groovy.lang.Closure.call(Closure.java:282)
	at groovy.lang.Closure.call(Closure.java:277)
	at groovy.lang.Closure$call.call(Unknown Source)
	at org.codehaus.gant.GantBinding.withTargetEvent(GantBinding.groovy:90)
	at org.codehaus.gant.GantBinding.this$4$withTargetEvent(GantBinding.groovy)
	at sun.reflect.NativeMethodAccessorImpl.invoke0(Native Method)
	at sun.reflect.NativeMethodAccessorImpl.invoke(NativeMethodAccessorImpl.java:39)
	at sun.reflect.DelegatingMethodAccessorImpl.invoke(DelegatingMethodAccessorImpl.java:25)
	at java.lang.reflect.Method.invoke(Method.java:597)
	at org.codehaus.groovy.reflection.CachedMethod.invoke(CachedMethod.java:90)
	at groovy.lang.MetaMethod.doMethodInvoke(MetaMethod.java:233)
	at groovy.lang.MetaClassImpl.invokeMethod(MetaClassImpl.java:1058)
	at groovy.lang.ExpandoMetaClass.invokeMethod(ExpandoMetaClass.java:1070)
	at groovy.lang.MetaClassImpl.invokeMethod(MetaClassImpl.java:886)
	at groovy.lang.MetaClassImpl.invokeMethod(MetaClassImpl.java:1003)
	at groovy.lang.ExpandoMetaClass.invokeMethod(ExpandoMetaClass.java:1070)
	at groovy.lang.MetaClassImpl.invokeMethod(MetaClassImpl.java:886)
	at groovy.lang.MetaClassImpl.invokeMethod(MetaClassImpl.java:706)
	at groovy.lang.GroovyObjectSupport.invokeMethod(GroovyObjectSupport.java:44)
	at groovy.lang.MetaClassImpl.invokeMethodOnGroovyObject(MetaClassImpl.java:1123)
	at groovy.lang.MetaClassImpl.invokeMethod(MetaClassImpl.java:1017)
	at groovy.lang.ExpandoMetaClass.invokeMethod(ExpandoMetaClass.java:1070)
	at groovy.lang.MetaClassImpl.invokeMethod(MetaClassImpl.java:886)
	at org.codehaus.groovy.runtime.callsite.PogoMetaClassSite.callCurrent(PogoMetaClassSite.java:66)
	at org.codehaus.groovy.runtime.callsite.AbstractCallSite.callCurrent(AbstractCallSite.java:157)
	at org.codehaus.gant.GantBinding$_initializeGantBinding_closure5_closure16.doCall(GantBinding.groovy:185)
	at sun.reflect.NativeMethodAccessorImpl.invoke0(Native Method)
	at sun.reflect.NativeMethodAccessorImpl.invoke(NativeMethodAccessorImpl.java:39)
	at sun.reflect.DelegatingMethodAccessorImpl.invoke(DelegatingMethodAccessorImpl.java:25)
	at java.lang.reflect.Method.invoke(Method.java:597)
	at org.codehaus.groovy.runtime.callsite.PogoMetaMethodSite$PogoCachedMethodSite.invoke(PogoMetaMethodSite.java:225)
	at org.codehaus.groovy.runtime.callsite.PogoMetaMethodSite.callCurrent(PogoMetaMethodSite.java:51)
	at org.codehaus.groovy.runtime.callsite.AbstractCallSite.callCurrent(AbstractCallSite.java:149)
	at org.codehaus.gant.GantBinding$_initializeGantBinding_closure5_closure16.doCall(GantBinding.groovy)
	at sun.reflect.NativeMethodAccessorImpl.invoke0(Native Method)
	at sun.reflect.NativeMethodAccessorImpl.invoke(NativeMethodAccessorImpl.java:39)
	at sun.reflect.DelegatingMethodAccessorImpl.invoke(DelegatingMethodAccessorImpl.java:25)
	at java.lang.reflect.Method.invoke(Method.java:597)
	at org.codehaus.groovy.reflection.CachedMethod.invoke(CachedMethod.java:90)
	at groovy.lang.MetaMethod.doMethodInvoke(MetaMethod.java:233)
	at groovy.lang.MetaClassImpl.invokeMethod(MetaClassImpl.java:1058)
	at groovy.lang.ExpandoMetaClass.invokeMethod(ExpandoMetaClass.java:1070)
	at groovy.lang.MetaClassImpl.invokeMethod(MetaClassImpl.java:886)
	at groovy.lang.Closure.call(Closure.java:282)
	at groovy.lang.Closure.call(Closure.java:277)
	at groovy.lang.Closure$call.call(Unknown Source)
	at org.codehaus.groovy.runtime.callsite.CallSiteArray.defaultCall(CallSiteArray.java:40)
	at org.codehaus.groovy.runtime.callsite.AbstractCallSite.call(AbstractCallSite.java:116)
	at org.codehaus.groovy.runtime.callsite.AbstractCallSite.call(AbstractCallSite.java:120)
	at gant.Gant$_dispatch_closure5.doCall(Gant.groovy:381)
	at sun.reflect.NativeMethodAccessorImpl.invoke0(Native Method)
	at sun.reflect.NativeMethodAccessorImpl.invoke(NativeMethodAccessorImpl.java:39)
	at sun.reflect.DelegatingMethodAccessorImpl.invoke(DelegatingMethodAccessorImpl.java:25)
	at java.lang.reflect.Method.invoke(Method.java:597)
	at org.codehaus.groovy.reflection.CachedMethod.invoke(CachedMethod.java:90)
	at groovy.lang.MetaMethod.doMethodInvoke(MetaMethod.java:233)
	at groovy.lang.MetaClassImpl.invokeMethod(MetaClassImpl.java:1058)
	at groovy.lang.ExpandoMetaClass.invokeMethod(ExpandoMetaClass.java:1070)
	at groovy.lang.MetaClassImpl.invokeMethod(MetaClassImpl.java:886)
	at groovy.lang.Closure.call(Closure.java:282)
	at groovy.lang.Closure.call(Closure.java:295)
	at groovy.lang.Closure$call$0.call(Unknown Source)
	at org.codehaus.groovy.runtime.callsite.CallSiteArray.defaultCall(CallSiteArray.java:40)
	at org.codehaus.groovy.runtime.callsite.AbstractCallSite.call(AbstractCallSite.java:116)
	at org.codehaus.groovy.runtime.callsite.AbstractCallSite.call(AbstractCallSite.java:124)
	at gant.Gant$_dispatch_closure7.doCall(Gant.groovy:415)
	at sun.reflect.NativeMethodAccessorImpl.invoke0(Native Method)
	at sun.reflect.NativeMethodAccessorImpl.invoke(NativeMethodAccessorImpl.java:39)
	at sun.reflect.DelegatingMethodAccessorImpl.invoke(DelegatingMethodAccessorImpl.java:25)
	at java.lang.reflect.Method.invoke(Method.java:597)
	at org.codehaus.groovy.runtime.callsite.PogoMetaMethodSite$PogoCachedMethodSite.invoke(PogoMetaMethodSite.java:225)
	at org.codehaus.groovy.runtime.callsite.PogoMetaMethodSite.callCurrent(PogoMetaMethodSite.java:51)
	at org.codehaus.groovy.runtime.callsite.CallSiteArray.defaultCallCurrent(CallSiteArray.java:44)
	at org.codehaus.groovy.runtime.callsite.AbstractCallSite.callCurrent(AbstractCallSite.java:141)
	at org.codehaus.groovy.runtime.callsite.AbstractCallSite.callCurrent(AbstractCallSite.java:149)
	at gant.Gant$_dispatch_closure7.doCall(Gant.groovy)
	at sun.reflect.NativeMethodAccessorImpl.invoke0(Native Method)
	at sun.reflect.NativeMethodAccessorImpl.invoke(NativeMethodAccessorImpl.java:39)
	at sun.reflect.DelegatingMethodAccessorImpl.invoke(DelegatingMethodAccessorImpl.java:25)
	at java.lang.reflect.Method.invoke(Method.java:597)
	at org.codehaus.groovy.reflection.CachedMethod.invoke(CachedMethod.java:90)
	at groovy.lang.MetaMethod.doMethodInvoke(MetaMethod.java:233)
	at groovy.lang.MetaClassImpl.invokeMethod(MetaClassImpl.java:1058)
	at groovy.lang.ExpandoMetaClass.invokeMethod(ExpandoMetaClass.java:1070)
	at groovy.lang.MetaClassImpl.invokeMethod(MetaClassImpl.java:886)
	at groovy.lang.Closure.call(Closure.java:282)
	at groovy.lang.Closure.call(Closure.java:277)
	at groovy.lang.Closure$call.call(Unknown Source)
	at org.codehaus.groovy.runtime.callsite.CallSiteArray.defaultCall(CallSiteArray.java:40)
	at org.codehaus.groovy.runtime.callsite.AbstractCallSite.call(AbstractCallSite.java:116)
	at org.codehaus.groovy.runtime.callsite.AbstractCallSite.call(AbstractCallSite.java:120)
	at gant.Gant.withBuildListeners(Gant.groovy:427)
	at gant.Gant.this$2$withBuildListeners(Gant.groovy)
	at gant.Gant$this$2$withBuildListeners.callCurrent(Unknown Source)
	at org.codehaus.groovy.runtime.callsite.CallSiteArray.defaultCallCurrent(CallSiteArray.java:44)
	at org.codehaus.groovy.runtime.callsite.AbstractCallSite.callCurrent(AbstractCallSite.java:141)
	at org.codehaus.groovy.runtime.callsite.AbstractCallSite.callCurrent(AbstractCallSite.java:149)
	at gant.Gant.dispatch(Gant.groovy:415)
	at gant.Gant.this$2$dispatch(Gant.groovy)
	at sun.reflect.NativeMethodAccessorImpl.invoke0(Native Method)
	at sun.reflect.NativeMethodAccessorImpl.invoke(NativeMethodAccessorImpl.java:39)
	at sun.reflect.DelegatingMethodAccessorImpl.invoke(DelegatingMethodAccessorImpl.java:25)
	at java.lang.reflect.Method.invoke(Method.java:597)
	at org.codehaus.groovy.reflection.CachedMethod.invoke(CachedMethod.java:90)
	at groovy.lang.MetaMethod.doMethodInvoke(MetaMethod.java:233)
	at groovy.lang.MetaClassImpl.invokeMethod(MetaClassImpl.java:1058)
	at groovy.lang.ExpandoMetaClass.invokeMethod(ExpandoMetaClass.java:1070)
	at groovy.lang.MetaClassImpl.invokeMethod(MetaClassImpl.java:886)
	at groovy.lang.MetaClassImpl.invokeMethod(MetaClassImpl.java:708)
	at gant.Gant.invokeMethod(Gant.groovy)
	at groovy.lang.GroovyObject$invokeMethod.callCurrent(Unknown Source)
	at org.codehaus.groovy.runtime.callsite.CallSiteArray.defaultCallCurrent(CallSiteArray.java:44)
	at org.codehaus.groovy.runtime.callsite.AbstractCallSite.callCurrent(AbstractCallSite.java:141)
	at org.codehaus.groovy.runtime.callsite.AbstractCallSite.callCurrent(AbstractCallSite.java:153)
	at gant.Gant.executeTargets(Gant.groovy:590)
	at sun.reflect.NativeMethodAccessorImpl.invoke0(Native Method)
	at sun.reflect.NativeMethodAccessorImpl.invoke(NativeMethodAccessorImpl.java:39)
	at sun.reflect.DelegatingMethodAccessorImpl.invoke(DelegatingMethodAccessorImpl.java:25)
	at java.lang.reflect.Method.invoke(Method.java:597)
	at org.codehaus.groovy.runtime.callsite.PogoMetaMethodSite$PogoCachedMethodSite.invoke(PogoMetaMethodSite.java:225)
	at org.codehaus.groovy.runtime.callsite.PogoMetaMethodSite.callCurrent(PogoMetaMethodSite.java:51)
	at org.codehaus.groovy.runtime.callsite.CallSiteArray.defaultCallCurrent(CallSiteArray.java:44)
	at org.codehaus.groovy.runtime.callsite.AbstractCallSite.callCurrent(AbstractCallSite.java:141)
	at org.codehaus.groovy.runtime.callsite.AbstractCallSite.callCurrent(AbstractCallSite.java:153)
	at gant.Gant.executeTargets(Gant.groovy:589)
	at org.codehaus.groovy.grails.cli.GrailsScriptRunner.executeWithGantInstance(GrailsScriptRunner.java:667)
	at org.codehaus.groovy.grails.cli.GrailsScriptRunner.callPluginOrGrailsScript(GrailsScriptRunner.java:526)
	at org.codehaus.groovy.grails.cli.GrailsScriptRunner.executeCommand(GrailsScriptRunner.java:310)
	at org.codehaus.groovy.grails.cli.GrailsScriptRunner.main(GrailsScriptRunner.java:135)
	at sun.reflect.NativeMethodAccessorImpl.invoke0(Native Method)
	at sun.reflect.NativeMethodAccessorImpl.invoke(NativeMethodAccessorImpl.java:39)
	at sun.reflect.DelegatingMethodAccessorImpl.invoke(DelegatingMethodAccessorImpl.java:25)
	at java.lang.reflect.Method.invoke(Method.java:597)
	at org.codehaus.groovy.grails.cli.support.GrailsStarter.rootLoader(GrailsStarter.java:234)
	at org.codehaus.groovy.grails.cli.support.GrailsStarter.main(GrailsStarter.java:262)
2011-09-10 20:36:44,895 [main] ERROR StackTrace  - Sanitizing stacktrace:
org.springframework.beans.NotReadablePropertyException: Invalid property 'name' of bean class [pairingmatrix.User]: Bean property 'name' is not readable or has an invalid getter method: Does the return type of the getter match the parameter type of the setter?
	at org.springframework.beans.BeanWrapperImpl.getPropertyValue(BeanWrapperImpl.java:707)
	at org.springframework.beans.BeanWrapperImpl.getPropertyValue(BeanWrapperImpl.java:699)
	at org.codehaus.groovy.grails.validation.GrailsDomainClassValidator.validatePropertyWithConstraint(GrailsDomainClassValidator.java:191)
	at org.codehaus.groovy.grails.validation.GrailsDomainClassValidator.validate(GrailsDomainClassValidator.java:98)
	at org.codehaus.groovy.grails.orm.hibernate.validation.HibernateDomainClassValidator.validate(HibernateDomainClassValidator.java:74)
	at org.codehaus.groovy.grails.orm.hibernate.metaclass.AbstractSavePersistentMethod.doInvokeInternal(AbstractSavePersistentMethod.java:135)
	at org.codehaus.groovy.grails.orm.hibernate.metaclass.AbstractDynamicPersistentMethod.invoke(AbstractDynamicPersistentMethod.java:59)
	at org.codehaus.groovy.grails.plugins.orm.hibernate.HibernatePluginSupport.addBasicPersistenceMethods_closure71(HibernatePluginSupport.groovy:806)
	at org.codehaus.groovy.grails.plugins.orm.hibernate.HibernatePluginSupport.enhanceSessionFactory_closure13(HibernatePluginSupport.groovy:376)
	at userListSpec.should show the existing name list when Names List is clicked(userListSpec.groovy:8)
2011-09-10 20:36:44,916 [main] ERROR StackTrace  - Sanitizing stacktrace:
org.springframework.beans.NotReadablePropertyException: Invalid property 'name' of bean class [pairingmatrix.User]: Bean property 'name' is not readable or has an invalid getter method: Does the return type of the getter match the parameter type of the setter?
	at userListSpec.should show the existing name list when Names List is clicked(userListSpec.groovy:8)
2011-09-10 20:36:44,920 [main] ERROR StackTrace  - Sanitizing stacktrace:
java.lang.NullPointerException: Cannot get property 'autoClearCookies' on null object
	at geb.spock.GebSpec.resetBrowser(GebSpec.groovy:44)
	at geb.spock.GebSpec.cleanup(GebSpec.groovy:67)
2011-09-10 20:36:44,920 [main] ERROR StackTrace  - Sanitizing stacktrace:
java.lang.NullPointerException: Cannot get property 'autoClearCookies' on null object
	at geb.spock.GebSpec.resetBrowser(GebSpec.groovy:44)
	at geb.spock.GebSpec.cleanup(GebSpec.groovy:67)
2011-09-10 20:39:00,263 [main] ERROR StackTrace  - Sanitizing stacktrace:
org.springframework.beans.NotReadablePropertyException: Invalid property 'name' of bean class [pairingmatrix.User]: Bean property 'name' is not readable or has an invalid getter method: Does the return type of the getter match the parameter type of the setter?
	at org.springframework.beans.BeanWrapperImpl.getPropertyValue(BeanWrapperImpl.java:707)
	at org.springframework.beans.BeanWrapperImpl.getPropertyValue(BeanWrapperImpl.java:699)
	at org.codehaus.groovy.grails.validation.GrailsDomainClassValidator.validatePropertyWithConstraint(GrailsDomainClassValidator.java:191)
	at org.codehaus.groovy.grails.validation.GrailsDomainClassValidator.validate(GrailsDomainClassValidator.java:98)
	at org.codehaus.groovy.grails.orm.hibernate.validation.HibernateDomainClassValidator.validate(HibernateDomainClassValidator.java:74)
	at org.codehaus.groovy.grails.orm.hibernate.metaclass.AbstractSavePersistentMethod.doInvokeInternal(AbstractSavePersistentMethod.java:135)
	at org.codehaus.groovy.grails.orm.hibernate.metaclass.AbstractDynamicPersistentMethod.invoke(AbstractDynamicPersistentMethod.java:59)
	at org.codehaus.groovy.grails.plugins.orm.hibernate.HibernatePluginSupport.addBasicPersistenceMethods_closure71(HibernatePluginSupport.groovy:806)
	at org.codehaus.groovy.grails.plugins.orm.hibernate.HibernatePluginSupport.enhanceSessionFactory_closure13(HibernatePluginSupport.groovy:376)
	at userListSpec.should show the existing name list when Names List is clicked(userListSpec.groovy:9)
2011-09-10 20:39:00,271 [main] ERROR StackTrace  - Sanitizing stacktrace:
org.springframework.beans.NotReadablePropertyException: Invalid property 'name' of bean class [pairingmatrix.User]: Bean property 'name' is not readable or has an invalid getter method: Does the return type of the getter match the parameter type of the setter?
	at userListSpec.should show the existing name list when Names List is clicked(userListSpec.groovy:9)
2011-09-10 20:39:00,276 [main] ERROR StackTrace  - Sanitizing stacktrace:
java.lang.NullPointerException: Cannot get property 'autoClearCookies' on null object
	at geb.spock.GebSpec.resetBrowser(GebSpec.groovy:44)
	at geb.spock.GebSpec.cleanup(GebSpec.groovy:67)
2011-09-10 20:39:00,276 [main] ERROR StackTrace  - Sanitizing stacktrace:
java.lang.NullPointerException: Cannot get property 'autoClearCookies' on null object
	at geb.spock.GebSpec.resetBrowser(GebSpec.groovy:44)
	at geb.spock.GebSpec.cleanup(GebSpec.groovy:67)
2011-09-10 20:57:10,390 [main] ERROR StackTrace  - Sanitizing stacktrace:
geb.error.UnresolvablePropertyException: Unable to resolve NamesList as content for HomePage, or as a property on it's Navigator context
	at geb.content.NavigableSupport.propertyMissing(NavigableSupport.groovy:132)
	at geb.Page.propertyMissing(Page.groovy)
	at geb.Page.getProperty(Page.groovy)
	at geb.Browser.propertyMissing(Browser.groovy:174)
	at geb.Browser.getProperty(Browser.groovy)
	at geb.spock.GebSpec.propertyMissing(GebSpec.groovy:55)
	at userListSpec.should show the existing name list when Names List is clicked(userListSpec.groovy:13)
2011-09-10 20:57:10,527 [main] ERROR StackTrace  - Sanitizing stacktrace:
geb.error.UnresolvablePropertyException: Unable to resolve NamesList as content for HomePage, or as a property on it's Navigator context
	at geb.content.NavigableSupport.propertyMissing(NavigableSupport.groovy:132)
	at geb.Page.propertyMissing(Page.groovy)
	at geb.Page.getProperty(Page.groovy)
	at geb.Browser.propertyMissing(Browser.groovy:174)
	at geb.Browser.getProperty(Browser.groovy)
	at geb.spock.GebSpec.propertyMissing(GebSpec.groovy:55)
	at userListSpec.should show the existing name list when Names List is clicked(userListSpec.groovy:13)
2011-09-10 20:59:00,573 [main] ERROR StackTrace  - Sanitizing stacktrace:
java.lang.ClassNotFoundException: org.openqa.selenium.WebDriverException
	at org.codehaus.groovy.tools.RootLoader.findClass(RootLoader.java:156)
	at java.lang.ClassLoader.loadClass(ClassLoader.java:306)
	at org.codehaus.groovy.tools.RootLoader.loadClass(RootLoader.java:128)
	at org.codehaus.groovy.grails.cli.support.GrailsRootLoader.loadClass(GrailsRootLoader.java:43)
	at java.lang.ClassLoader.loadClass(ClassLoader.java:247)
	at java.lang.Class.forName0(Native Method)
	at java.lang.Class.forName(Class.java:169)
	at functionalTests.PairingMatrixGebSpec.createBrowser(PairingMatrixGebSpec.groovy:8)
	at geb.spock.GebSpec.getBrowser(GebSpec.groovy:38)
	at geb.spock.GebSpec.methodMissing(GebSpec.groovy:51)
	at userListSpec.should show the existing name list when Names List is clicked(userListSpec.groovy:10)
2011-09-10 20:59:00,574 [main] ERROR StackTrace  - Sanitizing stacktrace:
java.lang.NoClassDefFoundError: org/openqa/selenium/WebDriverException
	at java.lang.Class.forName0(Native Method)
	at java.lang.Class.forName(Class.java:169)
	at functionalTests.PairingMatrixGebSpec.createBrowser(PairingMatrixGebSpec.groovy:8)
	at geb.spock.GebSpec.getBrowser(GebSpec.groovy:38)
	at geb.spock.GebSpec.methodMissing(GebSpec.groovy:51)
	at userListSpec.should show the existing name list when Names List is clicked(userListSpec.groovy:10)
Caused by: java.lang.ClassNotFoundException: org.openqa.selenium.WebDriverException
	at org.codehaus.groovy.tools.RootLoader.findClass(RootLoader.java:156)
	at java.lang.ClassLoader.loadClass(ClassLoader.java:306)
	at org.codehaus.groovy.tools.RootLoader.loadClass(RootLoader.java:128)
	at java.lang.ClassLoader.loadClass(ClassLoader.java:247)
	... 6 more
2011-09-10 20:59:00,582 [main] ERROR StackTrace  - Sanitizing stacktrace:
java.lang.ClassNotFoundException: org.openqa.selenium.WebDriverException
	at org.codehaus.groovy.tools.RootLoader.findClass(RootLoader.java:156)
	at java.lang.ClassLoader.loadClass(ClassLoader.java:306)
	at org.codehaus.groovy.tools.RootLoader.loadClass(RootLoader.java:128)
	at java.lang.ClassLoader.loadClass(ClassLoader.java:247)
	at java.lang.Class.forName0(Native Method)
	at java.lang.Class.forName(Class.java:169)
	at functionalTests.PairingMatrixGebSpec.createBrowser(PairingMatrixGebSpec.groovy:8)
	at geb.spock.GebSpec.getBrowser(GebSpec.groovy:38)
	at geb.spock.GebSpec.methodMissing(GebSpec.groovy:51)
	at userListSpec.should show the existing name list when Names List is clicked(userListSpec.groovy:10)
2011-09-10 20:59:00,582 [main] ERROR StackTrace  - Sanitizing stacktrace:
java.lang.NoClassDefFoundError: org/openqa/selenium/WebDriverException
	at java.lang.Class.forName0(Native Method)
	at java.lang.Class.forName(Class.java:169)
	at functionalTests.PairingMatrixGebSpec.createBrowser(PairingMatrixGebSpec.groovy:8)
	at geb.spock.GebSpec.getBrowser(GebSpec.groovy:38)
	at geb.spock.GebSpec.methodMissing(GebSpec.groovy:51)
	at userListSpec.should show the existing name list when Names List is clicked(userListSpec.groovy:10)
Caused by: java.lang.ClassNotFoundException: org.openqa.selenium.WebDriverException
	at org.codehaus.groovy.tools.RootLoader.findClass(RootLoader.java:156)
	at java.lang.ClassLoader.loadClass(ClassLoader.java:306)
	at org.codehaus.groovy.tools.RootLoader.loadClass(RootLoader.java:128)
	at java.lang.ClassLoader.loadClass(ClassLoader.java:247)
	... 6 more
2011-09-10 20:59:00,587 [main] ERROR StackTrace  - Sanitizing stacktrace:
java.lang.NullPointerException: Cannot get property 'autoClearCookies' on null object
	at geb.spock.GebSpec.resetBrowser(GebSpec.groovy:44)
	at geb.spock.GebSpec.cleanup(GebSpec.groovy:67)
2011-09-10 20:59:00,588 [main] ERROR StackTrace  - Sanitizing stacktrace:
java.lang.NullPointerException: Cannot get property 'autoClearCookies' on null object
	at geb.spock.GebSpec.resetBrowser(GebSpec.groovy:44)
	at geb.spock.GebSpec.cleanup(GebSpec.groovy:67)
2011-09-10 21:02:17,887 [main] ERROR StackTrace  - Sanitizing stacktrace:
geb.error.UnresolvablePropertyException: Unable to resolve NamesList as content for HomePage, or as a property on it's Navigator context
	at geb.content.NavigableSupport.propertyMissing(NavigableSupport.groovy:132)
	at geb.Page.propertyMissing(Page.groovy)
	at geb.Page.getProperty(Page.groovy)
	at geb.Browser.propertyMissing(Browser.groovy:174)
	at geb.Browser.getProperty(Browser.groovy)
	at geb.spock.GebSpec.propertyMissing(GebSpec.groovy:55)
	at userListSpec.should show the existing name list when Names List is clicked(userListSpec.groovy:13)
2011-09-10 21:02:17,932 [main] ERROR StackTrace  - Sanitizing stacktrace:
geb.error.UnresolvablePropertyException: Unable to resolve NamesList as content for HomePage, or as a property on it's Navigator context
	at geb.content.NavigableSupport.propertyMissing(NavigableSupport.groovy:132)
	at geb.Page.propertyMissing(Page.groovy)
	at geb.Page.getProperty(Page.groovy)
	at geb.Browser.propertyMissing(Browser.groovy:174)
	at geb.Browser.getProperty(Browser.groovy)
	at geb.spock.GebSpec.propertyMissing(GebSpec.groovy:55)
	at userListSpec.should show the existing name list when Names List is clicked(userListSpec.groovy:13)
2011-09-10 21:05:10,860 [main] ERROR StackTrace  - Sanitizing stacktrace:
geb.error.UnresolvablePropertyException: Unable to resolve NamesList as content for HomePage, or as a property on it's Navigator context
	at geb.content.NavigableSupport.propertyMissing(NavigableSupport.groovy:132)
	at geb.Page.propertyMissing(Page.groovy)
	at geb.Page.getProperty(Page.groovy)
	at geb.Browser.propertyMissing(Browser.groovy:174)
	at geb.Browser.getProperty(Browser.groovy)
	at geb.spock.GebSpec.propertyMissing(GebSpec.groovy:55)
	at userListSpec.should show the existing name list when Names List is clicked(userListSpec.groovy:13)
2011-09-10 21:05:10,866 [main] ERROR StackTrace  - Sanitizing stacktrace:
geb.error.UnresolvablePropertyException: Unable to resolve NamesList as content for HomePage, or as a property on it's Navigator context
	at geb.content.NavigableSupport.propertyMissing(NavigableSupport.groovy:132)
	at geb.Page.propertyMissing(Page.groovy)
	at geb.Page.getProperty(Page.groovy)
	at geb.Browser.propertyMissing(Browser.groovy:174)
	at geb.Browser.getProperty(Browser.groovy)
	at geb.spock.GebSpec.propertyMissing(GebSpec.groovy:55)
	at userListSpec.should show the existing name list when Names List is clicked(userListSpec.groovy:13)
2011-09-10 21:12:03,888 [main] ERROR StackTrace  - Sanitizing stacktrace:
geb.error.UnresolvablePropertyException: Unable to resolve nameTable as content for HomePage, or as a property on it's Navigator context
	at geb.content.NavigableSupport.propertyMissing(NavigableSupport.groovy:132)
	at geb.Page.propertyMissing(Page.groovy)
	at geb.Page.getProperty(Page.groovy)
	at geb.Browser.propertyMissing(Browser.groovy:174)
	at geb.Browser.getProperty(Browser.groovy)
	at geb.spock.GebSpec.propertyMissing(GebSpec.groovy:55)
	at userListSpec.should show the existing name list when Names List is clicked(userListSpec.groovy:16)
2011-09-10 21:12:03,895 [main] ERROR StackTrace  - Sanitizing stacktrace:
geb.error.UnresolvablePropertyException: Unable to resolve nameTable as content for HomePage, or as a property on it's Navigator context
	at geb.content.NavigableSupport.propertyMissing(NavigableSupport.groovy:132)
	at geb.Page.propertyMissing(Page.groovy)
	at geb.Page.getProperty(Page.groovy)
	at geb.Browser.propertyMissing(Browser.groovy:174)
	at geb.Browser.getProperty(Browser.groovy)
	at geb.spock.GebSpec.propertyMissing(GebSpec.groovy:55)
	at userListSpec.should show the existing name list when Names List is clicked(userListSpec.groovy:16)
2011-09-10 21:14:42,590 [main] ERROR StackTrace  - Sanitizing stacktrace:
junit.framework.AssertionFailedError: geb.error.RequiredPageValueNotPresent: Template 'nameTable - HomePage' returned null for args: []
	at geb.content.PageContentTemplate.create_closure1(PageContentTemplate.groovy:109)
	at geb.content.PageContentTemplate.create_closure1(PageContentTemplate.groovy)
	at groovy.lang.Closure.call(Closure.java:282)
	at groovy.lang.Closure.call(Closure.java:277)
	at geb.content.PageContentTemplate.create(PageContentTemplate.groovy:119)
	at geb.content.PageContentTemplate.get(PageContentTemplate.groovy:98)
	at geb.content.NavigableSupport.getContent(NavigableSupport.groovy:43)
	at geb.content.NavigableSupport.propertyMissing(NavigableSupport.groovy:127)
	at geb.Page.propertyMissing(Page.groovy)
	at geb.Page.getProperty(Page.groovy)
	at geb.Browser.propertyMissing(Browser.groovy:174)
	at geb.Browser.getProperty(Browser.groovy)
	at geb.spock.GebSpec.propertyMissing(GebSpec.groovy:55)
	at userListSpec.should show the existing name list when Names List is clicked(userListSpec.groovy:16)
2011-09-10 21:14:42,600 [main] ERROR StackTrace  - Sanitizing stacktrace:
junit.framework.AssertionFailedError: geb.error.RequiredPageValueNotPresent: Template 'nameTable - HomePage' returned null for args: []
	at geb.content.PageContentTemplate.create_closure1(PageContentTemplate.groovy:109)
	at geb.content.PageContentTemplate.create_closure1(PageContentTemplate.groovy)
	at geb.content.PageContentTemplate.create(PageContentTemplate.groovy:119)
	at geb.content.PageContentTemplate.get(PageContentTemplate.groovy:98)
	at geb.content.NavigableSupport.getContent(NavigableSupport.groovy:43)
	at geb.content.NavigableSupport.propertyMissing(NavigableSupport.groovy:127)
	at geb.Page.propertyMissing(Page.groovy)
	at geb.Page.getProperty(Page.groovy)
	at geb.Browser.propertyMissing(Browser.groovy:174)
	at geb.Browser.getProperty(Browser.groovy)
	at geb.spock.GebSpec.propertyMissing(GebSpec.groovy:55)
	at userListSpec.should show the existing name list when Names List is clicked(userListSpec.groovy:16)
2011-09-10 21:21:16,787 [main] ERROR StackTrace  - Sanitizing stacktrace:
geb.error.UnresolvablePropertyException: Unable to resolve DisplayListPage as content for HomePage, or as a property on it's Navigator context
	at geb.content.NavigableSupport.propertyMissing(NavigableSupport.groovy:132)
	at geb.Page.propertyMissing(Page.groovy)
	at geb.Page.getProperty(Page.groovy)
	at geb.Browser.propertyMissing(Browser.groovy:174)
	at geb.Browser.getProperty(Browser.groovy)
	at geb.spock.GebSpec.propertyMissing(GebSpec.groovy:55)
	at userListSpec.should redirect to Display List page when Names List is clicked(userListSpec.groovy:16)
2011-09-10 21:21:16,794 [main] ERROR StackTrace  - Sanitizing stacktrace:
geb.error.UnresolvablePropertyException: Unable to resolve DisplayListPage as content for HomePage, or as a property on it's Navigator context
	at geb.content.NavigableSupport.propertyMissing(NavigableSupport.groovy:132)
	at geb.Page.propertyMissing(Page.groovy)
	at geb.Page.getProperty(Page.groovy)
	at geb.Browser.propertyMissing(Browser.groovy:174)
	at geb.Browser.getProperty(Browser.groovy)
	at geb.spock.GebSpec.propertyMissing(GebSpec.groovy:55)
	at userListSpec.should redirect to Display List page when Names List is clicked(userListSpec.groovy:16)
2011-09-10 21:26:09,435 [main] ERROR StackTrace  - Sanitizing stacktrace:
geb.error.UnresolvablePropertyException: Unable to resolve DisplayListPage as content for HomePage, or as a property on it's Navigator context
	at geb.content.NavigableSupport.propertyMissing(NavigableSupport.groovy:132)
	at geb.Page.propertyMissing(Page.groovy)
	at geb.Page.getProperty(Page.groovy)
	at geb.Browser.propertyMissing(Browser.groovy:174)
	at geb.Browser.getProperty(Browser.groovy)
	at geb.spock.GebSpec.propertyMissing(GebSpec.groovy:55)
	at userListSpec.should show the existing name list when Names List is clicked(userListSpec.groovy:16)
2011-09-10 21:26:09,464 [main] ERROR StackTrace  - Sanitizing stacktrace:
geb.error.UnresolvablePropertyException: Unable to resolve DisplayListPage as content for HomePage, or as a property on it's Navigator context
	at geb.content.NavigableSupport.propertyMissing(NavigableSupport.groovy:132)
	at geb.Page.propertyMissing(Page.groovy)
	at geb.Page.getProperty(Page.groovy)
	at geb.Browser.propertyMissing(Browser.groovy:174)
	at geb.Browser.getProperty(Browser.groovy)
	at geb.spock.GebSpec.propertyMissing(GebSpec.groovy:55)
	at userListSpec.should show the existing name list when Names List is clicked(userListSpec.groovy:16)
2011-09-10 23:04:09,563 [main] ERROR StackTrace  - Sanitizing stacktrace:
geb.error.UnresolvablePropertyException: Unable to resolve DisplayListPage as content for HomePage, or as a property on it's Navigator context
	at geb.content.NavigableSupport.propertyMissing(NavigableSupport.groovy:132)
	at geb.Page.propertyMissing(Page.groovy)
	at geb.Page.getProperty(Page.groovy)
	at geb.Browser.propertyMissing(Browser.groovy:174)
	at geb.Browser.getProperty(Browser.groovy)
	at geb.spock.GebSpec.propertyMissing(GebSpec.groovy:55)
	at userListSpec.should show the existing name list when Names List is clicked(userListSpec.groovy:16)
2011-09-10 23:04:09,703 [main] ERROR StackTrace  - Sanitizing stacktrace:
geb.error.UnresolvablePropertyException: Unable to resolve DisplayListPage as content for HomePage, or as a property on it's Navigator context
	at geb.content.NavigableSupport.propertyMissing(NavigableSupport.groovy:132)
	at geb.Page.propertyMissing(Page.groovy)
	at geb.Page.getProperty(Page.groovy)
	at geb.Browser.propertyMissing(Browser.groovy:174)
	at geb.Browser.getProperty(Browser.groovy)
	at geb.spock.GebSpec.propertyMissing(GebSpec.groovy:55)
	at userListSpec.should show the existing name list when Names List is clicked(userListSpec.groovy:16)
2011-09-11 12:45:16,033 [main] ERROR StackTrace  - Sanitizing stacktrace:
geb.error.UnresolvablePropertyException: Unable to resolve DisplayListPage as content for HomePage, or as a property on it's Navigator context
	at geb.content.NavigableSupport.propertyMissing(NavigableSupport.groovy:132)
	at geb.Page.propertyMissing(Page.groovy)
	at geb.Page.getProperty(Page.groovy)
	at geb.Browser.propertyMissing(Browser.groovy:174)
	at geb.Browser.getProperty(Browser.groovy)
	at geb.spock.GebSpec.propertyMissing(GebSpec.groovy:55)
	at userListSpec.should show the existing name list when Names List is clicked(userListSpec.groovy:16)
2011-09-11 12:45:16,048 [main] ERROR StackTrace  - Sanitizing stacktrace:
geb.error.UnresolvablePropertyException: Unable to resolve DisplayListPage as content for HomePage, or as a property on it's Navigator context
	at geb.content.NavigableSupport.propertyMissing(NavigableSupport.groovy:132)
	at geb.Page.propertyMissing(Page.groovy)
	at geb.Page.getProperty(Page.groovy)
	at geb.Browser.propertyMissing(Browser.groovy:174)
	at geb.Browser.getProperty(Browser.groovy)
	at geb.spock.GebSpec.propertyMissing(GebSpec.groovy:55)
	at userListSpec.should show the existing name list when Names List is clicked(userListSpec.groovy:16)
2011-09-11 13:03:06,927 [main] ERROR StackTrace  - Sanitizing stacktrace:
geb.error.UnresolvablePropertyException: Unable to resolve DisplayListPage as content for HomePage, or as a property on it's Navigator context
	at geb.content.NavigableSupport.propertyMissing(NavigableSupport.groovy:132)
	at geb.Page.propertyMissing(Page.groovy)
	at geb.Page.getProperty(Page.groovy)
	at geb.Browser.propertyMissing(Browser.groovy:174)
	at geb.Browser.getProperty(Browser.groovy)
	at geb.spock.GebSpec.propertyMissing(GebSpec.groovy:55)
	at userListSpec.should show the existing name list when Names List is clicked(userListSpec.groovy:16)
2011-09-11 13:03:06,956 [main] ERROR StackTrace  - Sanitizing stacktrace:
geb.error.UnresolvablePropertyException: Unable to resolve DisplayListPage as content for HomePage, or as a property on it's Navigator context
	at geb.content.NavigableSupport.propertyMissing(NavigableSupport.groovy:132)
	at geb.Page.propertyMissing(Page.groovy)
	at geb.Page.getProperty(Page.groovy)
	at geb.Browser.propertyMissing(Browser.groovy:174)
	at geb.Browser.getProperty(Browser.groovy)
	at geb.spock.GebSpec.propertyMissing(GebSpec.groovy:55)
	at userListSpec.should show the existing name list when Names List is clicked(userListSpec.groovy:16)
2011-09-11 13:06:45,015 [main] ERROR StackTrace  - Sanitizing stacktrace:
geb.error.UnresolvablePropertyException: Unable to resolve DisplayListPage as content for HomePage, or as a property on it's Navigator context
	at geb.content.NavigableSupport.propertyMissing(NavigableSupport.groovy:132)
	at geb.Page.propertyMissing(Page.groovy)
	at geb.Page.getProperty(Page.groovy)
	at geb.Browser.propertyMissing(Browser.groovy:174)
	at geb.Browser.getProperty(Browser.groovy)
	at geb.spock.GebSpec.propertyMissing(GebSpec.groovy:55)
	at userListSpec.should show the existing name list when Names List is clicked(userListSpec.groovy:16)
2011-09-11 13:06:45,076 [main] ERROR StackTrace  - Sanitizing stacktrace:
geb.error.UnresolvablePropertyException: Unable to resolve DisplayListPage as content for HomePage, or as a property on it's Navigator context
	at geb.content.NavigableSupport.propertyMissing(NavigableSupport.groovy:132)
	at geb.Page.propertyMissing(Page.groovy)
	at geb.Page.getProperty(Page.groovy)
	at geb.Browser.propertyMissing(Browser.groovy:174)
	at geb.Browser.getProperty(Browser.groovy)
	at geb.spock.GebSpec.propertyMissing(GebSpec.groovy:55)
	at userListSpec.should show the existing name list when Names List is clicked(userListSpec.groovy:16)
2011-09-11 14:05:37,319 [main] ERROR StackTrace  - Sanitizing stacktrace:
geb.error.UnresolvablePropertyException: Unable to resolve DisplayListPage as content for HomePage, or as a property on it's Navigator context
	at geb.content.NavigableSupport.propertyMissing(NavigableSupport.groovy:132)
	at geb.Page.propertyMissing(Page.groovy)
	at geb.Page.getProperty(Page.groovy)
	at geb.Browser.propertyMissing(Browser.groovy:174)
	at geb.Browser.getProperty(Browser.groovy)
	at geb.spock.GebSpec.propertyMissing(GebSpec.groovy:55)
	at userListSpec.should show the existing name list when Names List is clicked(userListSpec.groovy:16)
2011-09-11 14:05:37,383 [main] ERROR StackTrace  - Sanitizing stacktrace:
geb.error.UnresolvablePropertyException: Unable to resolve DisplayListPage as content for HomePage, or as a property on it's Navigator context
	at geb.content.NavigableSupport.propertyMissing(NavigableSupport.groovy:132)
	at geb.Page.propertyMissing(Page.groovy)
	at geb.Page.getProperty(Page.groovy)
	at geb.Browser.propertyMissing(Browser.groovy:174)
	at geb.Browser.getProperty(Browser.groovy)
	at geb.spock.GebSpec.propertyMissing(GebSpec.groovy:55)
	at userListSpec.should show the existing name list when Names List is clicked(userListSpec.groovy:16)
2011-09-11 15:54:04,329 [main] ERROR StackTrace  - Sanitizing stacktrace:
geb.error.UnresolvablePropertyException: Unable to resolve DisplayListPage as content for HomePage, or as a property on it's Navigator context
	at geb.content.NavigableSupport.propertyMissing(NavigableSupport.groovy:132)
	at geb.Page.propertyMissing(Page.groovy)
	at geb.Page.getProperty(Page.groovy)
	at geb.Browser.propertyMissing(Browser.groovy:174)
	at geb.Browser.getProperty(Browser.groovy)
	at geb.spock.GebSpec.propertyMissing(GebSpec.groovy:55)
	at userListSpec.should show the existing name list when Names List is clicked(userListSpec.groovy:16)
2011-09-11 15:54:04,357 [main] ERROR StackTrace  - Sanitizing stacktrace:
geb.error.UnresolvablePropertyException: Unable to resolve DisplayListPage as content for HomePage, or as a property on it's Navigator context
	at geb.content.NavigableSupport.propertyMissing(NavigableSupport.groovy:132)
	at geb.Page.propertyMissing(Page.groovy)
	at geb.Page.getProperty(Page.groovy)
	at geb.Browser.propertyMissing(Browser.groovy:174)
	at geb.Browser.getProperty(Browser.groovy)
	at geb.spock.GebSpec.propertyMissing(GebSpec.groovy:55)
	at userListSpec.should show the existing name list when Names List is clicked(userListSpec.groovy:16)
2011-09-11 16:04:28,091 [main] ERROR StackTrace  - Sanitizing stacktrace:
geb.error.UnresolvablePropertyException: Unable to resolve DisplayListPage as content for HomePage, or as a property on it's Navigator context
	at geb.content.NavigableSupport.propertyMissing(NavigableSupport.groovy:132)
	at geb.Page.propertyMissing(Page.groovy)
	at geb.Page.getProperty(Page.groovy)
	at geb.Browser.propertyMissing(Browser.groovy:174)
	at geb.Browser.getProperty(Browser.groovy)
	at geb.spock.GebSpec.propertyMissing(GebSpec.groovy:55)
	at userListSpec.should show the existing name list when Names List is clicked(userListSpec.groovy:16)
2011-09-11 16:04:28,127 [main] ERROR StackTrace  - Sanitizing stacktrace:
geb.error.UnresolvablePropertyException: Unable to resolve DisplayListPage as content for HomePage, or as a property on it's Navigator context
	at geb.content.NavigableSupport.propertyMissing(NavigableSupport.groovy:132)
	at geb.Page.propertyMissing(Page.groovy)
	at geb.Page.getProperty(Page.groovy)
	at geb.Browser.propertyMissing(Browser.groovy:174)
	at geb.Browser.getProperty(Browser.groovy)
	at geb.spock.GebSpec.propertyMissing(GebSpec.groovy:55)
	at userListSpec.should show the existing name list when Names List is clicked(userListSpec.groovy:16)
2011-09-11 16:11:34,658 [main] ERROR StackTrace  - Sanitizing stacktrace:
geb.error.UnresolvablePropertyException: Unable to resolve DisplayListPage as content for HomePage, or as a property on it's Navigator context
	at geb.content.NavigableSupport.propertyMissing(NavigableSupport.groovy:132)
	at geb.Page.propertyMissing(Page.groovy)
	at geb.Page.getProperty(Page.groovy)
	at geb.Browser.propertyMissing(Browser.groovy:174)
	at geb.Browser.getProperty(Browser.groovy)
	at geb.spock.GebSpec.propertyMissing(GebSpec.groovy:55)
	at userListSpec.should show the existing name list when Names List is clicked(userListSpec.groovy:16)
2011-09-11 16:11:34,658 [main] ERROR StackTrace  - Sanitizing stacktrace:
geb.error.UnresolvablePropertyException: Unable to resolve DisplayListPage as content for HomePage, or as a property on it's Navigator context
	at geb.content.NavigableSupport.propertyMissing(NavigableSupport.groovy:132)
	at geb.Page.propertyMissing(Page.groovy)
	at geb.Page.getProperty(Page.groovy)
	at geb.Browser.propertyMissing(Browser.groovy:174)
	at geb.Browser.getProperty(Browser.groovy)
	at geb.spock.GebSpec.propertyMissing(GebSpec.groovy:55)
	at userListSpec.should show the existing name list when Names List is clicked(userListSpec.groovy:16)
2011-09-11 21:42:07,721 [main] ERROR StackTrace  - Sanitizing stacktrace:
junit.framework.AssertionFailedError: Condition not satisfied:

userTable.collect { it -> it.userId }.contains("1")
|         |                           |
[]        []                          false

	at userListSpec.should show the existing name list when Names List is clicked(userListSpec.groovy:20)
2011-09-11 21:42:07,796 [main] ERROR StackTrace  - Sanitizing stacktrace:
junit.framework.AssertionFailedError: Condition not satisfied:

userTable.collect { it -> it.userId }.contains("1")
|         |                           |
[]        []                          false

	at userListSpec.should show the existing name list when Names List is clicked(userListSpec.groovy:20)
2011-09-11 21:51:19,928 [main] ERROR StackTrace  - Sanitizing stacktrace:
geb.error.UnresolvablePropertyException: Unable to resolve userId as a property to set on HomePage's Navigator context
	at geb.content.NavigableSupport.propertyMissing(NavigableSupport.groovy:141)
	at geb.Page.propertyMissing(Page.groovy)
	at geb.Page.setProperty(Page.groovy)
	at geb.Browser.propertyMissing(Browser.groovy:181)
	at geb.Browser.setProperty(Browser.groovy)
	at geb.spock.GebSpec.propertyMissing(GebSpec.groovy:59)
	at geb.spock.GebSpec.setProperty(GebSpec.groovy)
	at userListSpec.should show the existing name list when Names List is clicked(userListSpec.groovy:16)
2011-09-11 21:51:20,085 [main] ERROR StackTrace  - Sanitizing stacktrace:
geb.error.UnresolvablePropertyException: Unable to resolve userId as a property to set on HomePage's Navigator context
	at geb.content.NavigableSupport.propertyMissing(NavigableSupport.groovy:141)
	at geb.Page.propertyMissing(Page.groovy)
	at geb.Page.setProperty(Page.groovy)
	at geb.Browser.propertyMissing(Browser.groovy:181)
	at geb.Browser.setProperty(Browser.groovy)
	at geb.spock.GebSpec.propertyMissing(GebSpec.groovy:59)
	at geb.spock.GebSpec.setProperty(GebSpec.groovy)
	at userListSpec.should show the existing name list when Names List is clicked(userListSpec.groovy:16)
